2020-07-29 10:45:36 - PHP Warning:  mysqli::__construct(): (HY000/1049): Unknown database 'nadracollection' in C:\wamp64\www\upload\system\library\db\mysqli.php on line 7
2020-07-29 10:45:36 - PHP Warning:  DB\MySQLi::__construct(): Couldn't fetch mysqli in C:\wamp64\www\upload\system\library\db\mysqli.php on line 10
2020-07-29 10:45:36 - PHP Warning:  DB\MySQLi::__construct(): Couldn't fetch mysqli in C:\wamp64\www\upload\system\library\db\mysqli.php on line 10
2020-07-29 10:45:36 - PHP Notice:  Undefined variable: mysql in C:\wamp64\www\upload\install\controller\install\step_3.php on line 280
2020-07-29 10:45:36 - PHP Notice:  Trying to get property 'connect_error' of non-object in C:\wamp64\www\upload\install\controller\install\step_3.php on line 280
2020-07-29 10:46:21 - PHP Warning:  mysqli::__construct(): (HY000/1049): Unknown database 'nadracollection' in C:\wamp64\www\upload\system\library\db\mysqli.php on line 7
2020-07-29 10:46:21 - PHP Warning:  DB\MySQLi::__construct(): Couldn't fetch mysqli in C:\wamp64\www\upload\system\library\db\mysqli.php on line 10
2020-07-29 10:46:21 - PHP Warning:  DB\MySQLi::__construct(): Couldn't fetch mysqli in C:\wamp64\www\upload\system\library\db\mysqli.php on line 10
2020-07-29 10:46:21 - PHP Notice:  Undefined variable: mysql in C:\wamp64\www\upload\install\controller\install\step_3.php on line 280
2020-07-29 10:46:21 - PHP Notice:  Trying to get property 'connect_error' of non-object in C:\wamp64\www\upload\install\controller\install\step_3.php on line 280
2020-07-29 10:46:26 - PHP Warning:  mysqli::__construct(): (HY000/1049): Unknown database 'nadracollection' in C:\wamp64\www\upload\system\library\db\mysqli.php on line 7
2020-07-29 10:46:26 - PHP Warning:  DB\MySQLi::__construct(): Couldn't fetch mysqli in C:\wamp64\www\upload\system\library\db\mysqli.php on line 10
2020-07-29 10:46:26 - PHP Warning:  DB\MySQLi::__construct(): Couldn't fetch mysqli in C:\wamp64\www\upload\system\library\db\mysqli.php on line 10
2020-07-29 10:46:26 - PHP Notice:  Undefined variable: mysql in C:\wamp64\www\upload\install\controller\install\step_3.php on line 280
2020-07-29 10:46:26 - PHP Notice:  Trying to get property 'connect_error' of non-object in C:\wamp64\www\upload\install\controller\install\step_3.php on line 280
2020-07-29 10:49:21 - PHP Warning:  mysqli::__construct(): (HY000/1049): Unknown database 'nadracollection' in C:\wamp64\www\upload\system\library\db\mysqli.php on line 7
2020-07-29 10:49:21 - PHP Warning:  DB\MySQLi::__construct(): Couldn't fetch mysqli in C:\wamp64\www\upload\system\library\db\mysqli.php on line 10
2020-07-29 10:49:21 - PHP Warning:  DB\MySQLi::__construct(): Couldn't fetch mysqli in C:\wamp64\www\upload\system\library\db\mysqli.php on line 10
2020-07-29 10:49:21 - PHP Notice:  Undefined variable: mysql in C:\wamp64\www\upload\install\controller\install\step_3.php on line 280
2020-07-29 10:49:21 - PHP Notice:  Trying to get property 'connect_error' of non-object in C:\wamp64\www\upload\install\controller\install\step_3.php on line 280
2020-07-29 10:53:20 - PHP Warning:  mysqli::__construct(): (HY000/1045): Access denied for user 'mohamed'@'localhost' (using password: YES) in C:\wamp64\www\upload\system\library\db\mysqli.php on line 7
2020-07-29 10:53:20 - PHP Warning:  DB\MySQLi::__construct(): Couldn't fetch mysqli in C:\wamp64\www\upload\system\library\db\mysqli.php on line 10
2020-07-29 10:53:20 - PHP Warning:  DB\MySQLi::__construct(): Couldn't fetch mysqli in C:\wamp64\www\upload\system\library\db\mysqli.php on line 10
2020-07-29 10:53:20 - PHP Notice:  Undefined variable: mysql in C:\wamp64\www\upload\install\controller\install\step_3.php on line 280
2020-07-29 10:53:20 - PHP Notice:  Trying to get property 'connect_error' of non-object in C:\wamp64\www\upload\install\controller\install\step_3.php on line 280
2020-07-29 12:28:42 - PHP Warning:  mysqli::__construct(): (HY000/1049): Unknown database 'nadracollection' in C:\wamp64\www\upload\system\library\db\mysqli.php on line 7
2020-07-29 12:28:42 - PHP Warning:  DB\MySQLi::__construct(): Couldn't fetch mysqli in C:\wamp64\www\upload\system\library\db\mysqli.php on line 10
2020-07-29 12:28:42 - PHP Warning:  DB\MySQLi::__construct(): Couldn't fetch mysqli in C:\wamp64\www\upload\system\library\db\mysqli.php on line 10
2020-07-29 12:28:42 - PHP Notice:  Undefined variable: mysql in C:\wamp64\www\upload\install\controller\install\step_3.php on line 280
2020-07-29 12:28:42 - PHP Notice:  Trying to get property 'connect_error' of non-object in C:\wamp64\www\upload\install\controller\install\step_3.php on line 280
